256000
 
:: initializing oneAPI environment ...
   slurm_script: BASH_VERSION = 4.2.46(1)-release
   args: Using "$@" for setvars.sh arguments: --force
:: advisor -- latest
:: ccl -- latest
:: clck -- latest
:: compiler -- latest
:: dal -- latest
:: debugger -- latest
:: dev-utilities -- latest
:: dnnl -- latest
:: dpcpp-ct -- latest
:: dpl -- latest
:: inspector -- latest
:: intelpython -- latest
:: ipp -- latest
:: ippcp -- latest
:: ipp -- latest
:: itac -- latest
:: mkl -- latest
:: mpi -- latest
:: tbb -- latest
:: vpl -- latest
:: vtune -- latest
:: oneAPI environment initialized ::
 
/home/yangjunjie/work/lih-qed-fci-work/work
State 0: energy =    -7.951092, S^2 = 1.0000, N = 0.0000
State 1: energy =    -7.833426, S^2 = 3.0000, N = 0.0000
State 2: energy =    -7.818067, S^2 = 1.0000, N = 0.0000
State 3: energy =    -7.793151, S^2 = 3.0000, N = 0.0000
State 4: energy =    -7.793151, S^2 = 3.0000, N = 0.0000
State 5: energy =    -7.777566, S^2 = 1.0000, N = 0.0000
State 6: energy =    -7.777566, S^2 = 1.0000, N = 0.0000
State 7: energy =    -7.727895, S^2 = 3.0000, N = 0.0000
     2.200000,    -7.951092,     0.000000,    -7.818067,     0.000000,    -7.777566,     0.000000,    -7.777566,     0.000000,    -7.833426,     0.000000,    -7.793151,     0.000000,    -7.793151,     0.000000,    -7.727895,     0.000000
State 0: energy =    -7.963327, S^2 = 1.0000, N = 0.0000
State 1: energy =    -7.846115, S^2 = 3.0000, N = 0.0000
State 2: energy =    -7.830628, S^2 = 1.0000, N = 0.0000
State 3: energy =    -7.805672, S^2 = 3.0000, N = 0.0000
State 4: energy =    -7.805672, S^2 = 3.0000, N = 0.0000
State 5: energy =    -7.790585, S^2 = 1.0000, N = 0.0000
State 6: energy =    -7.790585, S^2 = 1.0000, N = 0.0000
State 7: energy =    -7.739868, S^2 = 3.0000, N = 0.0000
     2.300000,    -7.963327,     0.000000,    -7.830628,     0.000000,    -7.790585,     0.000000,    -7.790585,     0.000000,    -7.846115,     0.000000,    -7.805672,     0.000000,    -7.805672,     0.000000,    -7.739868,     0.000000
State 0: energy =    -7.973084, S^2 = 1.0000, N = 0.0000
State 1: energy =    -7.856791, S^2 = 3.0000, N = 0.0000
State 2: energy =    -7.841143, S^2 = 1.0000, N = 0.0000
State 3: energy =    -7.816102, S^2 = 3.0000, N = 0.0000
State 4: energy =    -7.816102, S^2 = 3.0000, N = 0.0000
State 5: energy =    -7.801496, S^2 = 1.0000, N = 0.0000
State 6: energy =    -7.801496, S^2 = 1.0000, N = 0.0000
State 7: energy =    -7.749701, S^2 = 3.0000, N = 0.0000
     2.400000,    -7.973084,     0.000000,    -7.841143,     0.000000,    -7.801496,     0.000000,    -7.801496,     0.000000,    -7.856791,     0.000000,    -7.816102,     0.000000,    -7.816102,     0.000000,    -7.749701,     0.000000
State 0: energy =    -7.980771, S^2 = 1.0000, N = 0.0000
State 1: energy =    -7.865798, S^2 = 3.0000, N = 0.0000
State 2: energy =    -7.849961, S^2 = 1.0000, N = 0.0000
State 3: energy =    -7.824789, S^2 = 3.0000, N = 0.0000
State 4: energy =    -7.824789, S^2 = 3.0000, N = 0.0000
State 5: energy =    -7.810655, S^2 = 1.0000, N = 0.0000
State 6: energy =    -7.810655, S^2 = 1.0000, N = 0.0000
State 7: energy =    -7.757760, S^2 = 3.0000, N = 0.0000
     2.500000,    -7.980771,     0.000000,    -7.849961,     0.000000,    -7.810655,     0.000000,    -7.810655,     0.000000,    -7.865798,     0.000000,    -7.824789,     0.000000,    -7.824789,     0.000000,    -7.757760,     0.000000
State 0: energy =    -7.986724, S^2 = 1.0000, N = 0.0000
State 1: energy =    -7.873417, S^2 = 3.0000, N = 0.0000
State 2: energy =    -7.857367, S^2 = 1.0000, N = 0.0000
State 3: energy =    -7.832019, S^2 = 3.0000, N = 0.0000
State 4: energy =    -7.832019, S^2 = 3.0000, N = 0.0000
State 5: energy =    -7.818353, S^2 = 1.0000, N = 0.0000
State 6: energy =    -7.818353, S^2 = 1.0000, N = 0.0000
State 7: energy =    -7.764350, S^2 = 3.0000, N = 0.0000
     2.600000,    -7.986724,     0.000000,    -7.857367,     0.000000,    -7.818353,     0.000000,    -7.818353,     0.000000,    -7.873417,     0.000000,    -7.832019,     0.000000,    -7.832019,     0.000000,    -7.764350,     0.000000
State 0: energy =    -7.991224, S^2 = 1.0000, N = 0.0000
State 1: energy =    -7.879882, S^2 = 3.0000, N = 0.0000
State 2: energy =    -7.863595, S^2 = 1.0000, N = 0.0000
State 3: energy =    -7.838028, S^2 = 3.0000, N = 0.0000
State 4: energy =    -7.838028, S^2 = 3.0000, N = 0.0000
State 5: energy =    -7.824829, S^2 = 1.0000, N = 0.0000
State 6: energy =    -7.824829, S^2 = 1.0000, N = 0.0000
State 7: energy =    -7.769723, S^2 = 3.0000, N = 0.0000
     2.700000,    -7.991224,     0.000000,    -7.863595,     0.000000,    -7.824829,     0.000000,    -7.824829,     0.000000,    -7.879882,     0.000000,    -7.838028,     0.000000,    -7.838028,     0.000000,    -7.769723,     0.000000
State 0: energy =    -7.994502, S^2 = 1.0000, N = 0.0000
State 1: energy =    -7.885381, S^2 = 3.0000, N = 0.0000
State 2: energy =    -7.868838, S^2 = 1.0000, N = 0.0000
State 3: energy =    -7.843010, S^2 = 3.0000, N = 0.0000
State 4: energy =    -7.843010, S^2 = 3.0000, N = 0.0000
State 5: energy =    -7.830280, S^2 = 1.0000, N = 0.0000
State 6: energy =    -7.830280, S^2 = 1.0000, N = 0.0000
State 7: energy =    -7.774094, S^2 = 3.0000, N = 0.0000
     2.800000,    -7.994502,     0.000000,    -7.868838,     0.000000,    -7.830280,     0.000000,    -7.830280,     0.000000,    -7.885381,     0.000000,    -7.843010,     0.000000,    -7.843010,     0.000000,    -7.774094,     0.000000
State 0: energy =    -7.996753, S^2 = 1.0000, N = 0.0000
State 1: energy =    -7.890074, S^2 = 3.0000, N = 0.0000
State 2: energy =    -7.873252, S^2 = 1.0000, N = 0.0000
State 3: energy =    -7.847129, S^2 = 3.0000, N = 0.0000
State 4: energy =    -7.847129, S^2 = 3.0000, N = 0.0000
State 5: energy =    -7.834868, S^2 = 1.0000, N = 0.0000
State 6: energy =    -7.834868, S^2 = 1.0000, N = 0.0000
State 7: energy =    -7.777645, S^2 = 3.0000, N = 0.0000
     2.900000,    -7.996753,     0.000000,    -7.873252,     0.000000,    -7.834868,     0.000000,    -7.834868,     0.000000,    -7.890074,     0.000000,    -7.847129,     0.000000,    -7.847129,     0.000000,    -7.777645,     0.000000
State 0: energy =    -7.998142, S^2 = 1.0000, N = 0.0000
State 1: energy =    -7.894090, S^2 = 3.0000, N = 0.0000
State 2: energy =    -7.876968, S^2 = 1.0000, N = 0.0000
State 3: energy =    -7.850519, S^2 = 3.0000, N = 0.0000
State 4: energy =    -7.850519, S^2 = 3.0000, N = 0.0000
State 5: energy =    -7.838729, S^2 = 1.0000, N = 0.0000
State 6: energy =    -7.838729, S^2 = 1.0000, N = 0.0000
State 7: energy =    -7.780537, S^2 = 3.0000, N = 0.0000
     3.000000,    -7.998142,     0.000000,    -7.876968,     0.000000,    -7.838729,     0.000000,    -7.838729,     0.000000,    -7.894090,     0.000000,    -7.850519,     0.000000,    -7.850519,     0.000000,    -7.780537,     0.000000
State 0: energy =    -7.998804, S^2 = 1.0000, N = 0.0000
State 1: energy =    -7.897540, S^2 = 3.0000, N = 0.0000
State 2: energy =    -7.880096, S^2 = 1.0000, N = 0.0000
State 3: energy =    -7.853294, S^2 = 3.0000, N = 0.0000
State 4: energy =    -7.853294, S^2 = 3.0000, N = 0.0000
State 5: energy =    -7.841977, S^2 = 1.0000, N = 0.0000
State 6: energy =    -7.841977, S^2 = 1.0000, N = 0.0000
State 7: energy =    -7.782916, S^2 = 3.0000, N = 0.0000
     3.100000,    -7.998804,     0.000000,    -7.880096,     0.000000,    -7.841977,     0.000000,    -7.841977,     0.000000,    -7.897540,     0.000000,    -7.853294,     0.000000,    -7.853294,     0.000000,    -7.782916,     0.000000
State 0: energy =    -7.998858, S^2 = 1.0000, N = 0.0000
State 1: energy =    -7.900513, S^2 = 3.0000, N = 0.0000
State 2: energy =    -7.882725, S^2 = 1.0000, N = 0.0000
State 3: energy =    -7.855550, S^2 = 3.0000, N = 0.0000
State 4: energy =    -7.855550, S^2 = 3.0000, N = 0.0000
State 5: energy =    -7.844707, S^2 = 1.0000, N = 0.0000
State 6: energy =    -7.844707, S^2 = 1.0000, N = 0.0000
State 7: energy =    -7.784914, S^2 = 3.0000, N = 0.0000
     3.200000,    -7.998858,     0.000000,    -7.882725,     0.000000,    -7.844707,     0.000000,    -7.844707,     0.000000,    -7.900513,     0.000000,    -7.855550,     0.000000,    -7.855550,     0.000000,    -7.784914,     0.000000
State 0: energy =    -7.998403, S^2 = 1.0000, N = 0.0000
State 1: energy =    -7.903088, S^2 = 3.0000, N = 0.0000
State 2: energy =    -7.884932, S^2 = 1.0000, N = 0.0000
State 3: energy =    -7.857370, S^2 = 3.0000, N = 0.0000
State 4: energy =    -7.857370, S^2 = 3.0000, N = 0.0000
State 5: energy =    -7.847000, S^2 = 1.0000, N = 0.0000
State 6: energy =    -7.847000, S^2 = 1.0000, N = 0.0000
State 7: energy =    -7.786655, S^2 = 3.0000, N = 0.0000
     3.300000,    -7.998403,     0.000000,    -7.884932,     0.000000,    -7.847000,     0.000000,    -7.847000,     0.000000,    -7.903088,     0.000000,    -7.857370,     0.000000,    -7.857370,     0.000000,    -7.786655,     0.000000
State 0: energy =    -7.997523, S^2 = 1.0000, N = 0.0000
State 1: energy =    -7.905327, S^2 = 3.0000, N = 0.0000
State 2: energy =    -7.886779, S^2 = 1.0000, N = 0.0000
State 3: energy =    -7.858821, S^2 = 3.0000, N = 0.0000
State 4: energy =    -7.858821, S^2 = 3.0000, N = 0.0000
State 5: energy =    -7.848922, S^2 = 1.0000, N = 0.0000
State 6: energy =    -7.848922, S^2 = 1.0000, N = 0.0000
State 7: energy =    -7.788256, S^2 = 3.0000, N = 0.0000
     3.400000,    -7.997523,     0.000000,    -7.886779,     0.000000,    -7.848922,     0.000000,    -7.848922,     0.000000,    -7.905327,     0.000000,    -7.858821,     0.000000,    -7.858821,     0.000000,    -7.788256,     0.000000
State 0: energy =    -7.996291, S^2 = 1.0000, N = 0.0000
State 1: energy =    -7.907285, S^2 = 3.0000, N = 0.0000
State 2: energy =    -7.888322, S^2 = 1.0000, N = 0.0000
State 3: energy =    -7.859964, S^2 = 3.0000, N = 0.0000
State 4: energy =    -7.859964, S^2 = 3.0000, N = 0.0000
State 5: energy =    -7.850532, S^2 = 1.0000, N = 0.0000
State 6: energy =    -7.850532, S^2 = 1.0000, N = 0.0000
State 7: energy =    -7.789827, S^2 = 3.0000, N = 0.0000
     3.500000,    -7.996291,     0.000000,    -7.888322,     0.000000,    -7.850532,     0.000000,    -7.850532,     0.000000,    -7.907285,     0.000000,    -7.859964,     0.000000,    -7.859964,     0.000000,    -7.789827,     0.000000
State 0: energy =    -7.994767, S^2 = 1.0000, N = 0.0000
State 1: energy =    -7.909008, S^2 = 3.0000, N = 0.0000
State 2: energy =    -7.889605, S^2 = 1.0000, N = 0.0000
State 3: energy =    -7.860847, S^2 = 3.0000, N = 0.0000
State 4: energy =    -7.860847, S^2 = 3.0000, N = 0.0000
State 5: energy =    -7.851879, S^2 = 1.0000, N = 0.0000
State 6: energy =    -7.851879, S^2 = 1.0000, N = 0.0000
State 7: energy =    -7.791466, S^2 = 3.0000, N = 0.0000
     3.600000,    -7.994767,     0.000000,    -7.889605,     0.000000,    -7.851879,     0.000000,    -7.851879,     0.000000,    -7.909008,     0.000000,    -7.860847,     0.000000,    -7.860847,     0.000000,    -7.791466,     0.000000
State 0: energy =    -7.993007, S^2 = 1.0000, N = 0.0000
State 1: energy =    -7.910533, S^2 = 3.0000, N = 0.0000
State 2: energy =    -7.890665, S^2 = 1.0000, N = 0.0000
State 3: energy =    -7.861515, S^2 = 3.0000, N = 0.0000
State 4: energy =    -7.861515, S^2 = 3.0000, N = 0.0000
State 5: energy =    -7.853003, S^2 = 1.0000, N = 0.0000
State 6: energy =    -7.853003, S^2 = 1.0000, N = 0.0000
State 7: energy =    -7.793255, S^2 = 3.0000, N = 0.0000
     3.700000,    -7.993007,     0.000000,    -7.890665,     0.000000,    -7.853003,     0.000000,    -7.853003,     0.000000,    -7.910533,     0.000000,    -7.861515,     0.000000,    -7.861515,     0.000000,    -7.793255,     0.000000
State 0: energy =    -7.991054, S^2 = 1.0000, N = 0.0000
State 1: energy =    -7.911894, S^2 = 3.0000, N = 0.0000
State 2: energy =    -7.891537, S^2 = 1.0000, N = 0.0000
State 3: energy =    -7.862003, S^2 = 3.0000, N = 0.0000
State 4: energy =    -7.862003, S^2 = 3.0000, N = 0.0000
State 5: energy =    -7.853941, S^2 = 1.0000, N = 0.0000
State 6: energy =    -7.853941, S^2 = 1.0000, N = 0.0000
State 7: energy =    -7.795248, S^2 = 3.0000, N = 0.0000
     3.800000,    -7.991054,     0.000000,    -7.891537,     0.000000,    -7.853941,     0.000000,    -7.853941,     0.000000,    -7.911894,     0.000000,    -7.862003,     0.000000,    -7.862003,     0.000000,    -7.795248,     0.000000
State 0: energy =    -7.988950, S^2 = 1.0000, N = 0.0000
State 1: energy =    -7.913117, S^2 = 3.0000, N = 0.0000
State 2: energy =    -7.892246, S^2 = 1.0000, N = 0.0000
State 3: energy =    -7.862344, S^2 = 3.0000, N = 0.0000
State 4: energy =    -7.862344, S^2 = 3.0000, N = 0.0000
State 5: energy =    -7.854722, S^2 = 1.0000, N = 0.0000
State 6: energy =    -7.854722, S^2 = 1.0000, N = 0.0000
State 7: energy =    -7.797471, S^2 = 3.0000, N = 0.0000
     3.900000,    -7.988950,     0.000000,    -7.892246,     0.000000,    -7.854722,     0.000000,    -7.854722,     0.000000,    -7.913117,     0.000000,    -7.862344,     0.000000,    -7.862344,     0.000000,    -7.797471,     0.000000
State 0: energy =    -7.986727, S^2 = 1.0000, N = 0.0000
State 1: energy =    -7.914224, S^2 = 3.0000, N = 0.0000
State 2: energy =    -7.892815, S^2 = 1.0000, N = 0.0000
State 3: energy =    -7.862563, S^2 = 3.0000, N = 0.0000
State 4: energy =    -7.862563, S^2 = 3.0000, N = 0.0000
State 5: energy =    -7.855372, S^2 = 1.0000, N = 0.0000
State 6: energy =    -7.855372, S^2 = 1.0000, N = 0.0000
State 7: energy =    -7.799912, S^2 = 3.0000, N = 0.0000
     4.000000,    -7.986727,     0.000000,    -7.892815,     0.000000,    -7.855372,     0.000000,    -7.855372,     0.000000,    -7.914224,     0.000000,    -7.862563,     0.000000,    -7.862563,     0.000000,    -7.799912,     0.000000
State 0: energy =    -7.984415, S^2 = 1.0000, N = 0.0000
State 1: energy =    -7.915234, S^2 = 3.0000, N = 0.0000
State 2: energy =    -7.893264, S^2 = 1.0000, N = 0.0000
State 3: energy =    -7.862684, S^2 = 3.0000, N = 0.0000
State 4: energy =    -7.862684, S^2 = 3.0000, N = 0.0000
State 5: energy =    -7.855912, S^2 = 1.0000, N = 0.0000
State 6: energy =    -7.855912, S^2 = 1.0000, N = 0.0000
State 7: energy =    -7.802537, S^2 = 3.0000, N = 0.0000
     4.100000,    -7.984415,     0.000000,    -7.893264,     0.000000,    -7.855912,     0.000000,    -7.855912,     0.000000,    -7.915234,     0.000000,    -7.862684,     0.000000,    -7.862684,     0.000000,    -7.802537,     0.000000
State 0: energy =    -7.982041, S^2 = 1.0000, N = 0.0000
State 1: energy =    -7.916163, S^2 = 3.0000, N = 0.0000
State 2: energy =    -7.893608, S^2 = 1.0000, N = 0.0000
State 3: energy =    -7.862725, S^2 = 3.0000, N = 0.0000
State 4: energy =    -7.862725, S^2 = 3.0000, N = 0.0000
State 5: energy =    -7.856361, S^2 = 1.0000, N = 0.0000
State 6: energy =    -7.856361, S^2 = 1.0000, N = 0.0000
State 7: energy =    -7.805290, S^2 = 3.0000, N = 0.0000
     4.200000,    -7.982041,     0.000000,    -7.893608,     0.000000,    -7.856361,     0.000000,    -7.856361,     0.000000,    -7.916163,     0.000000,    -7.862725,     0.000000,    -7.862725,     0.000000,    -7.805290,     0.000000
State 0: energy =    -7.979626, S^2 = 1.0000, N = 0.0000
State 1: energy =    -7.917022, S^2 = 3.0000, N = 0.0000
State 2: energy =    -7.893860, S^2 = 1.0000, N = 0.0000
State 3: energy =    -7.862704, S^2 = 3.0000, N = 0.0000
State 4: energy =    -7.862704, S^2 = 3.0000, N = 0.0000
State 5: energy =    -7.856733, S^2 = 1.0000, N = 0.0000
State 6: energy =    -7.856733, S^2 = 1.0000, N = 0.0000
State 7: energy =    -7.808113, S^2 = 3.0000, N = 0.0000
     4.300000,    -7.979626,     0.000000,    -7.893860,     0.000000,    -7.856733,     0.000000,    -7.856733,     0.000000,    -7.917022,     0.000000,    -7.862704,     0.000000,    -7.862704,     0.000000,    -7.808113,     0.000000
State 0: energy =    -7.977189, S^2 = 1.0000, N = 0.0000
State 1: energy =    -7.917822, S^2 = 3.0000, N = 0.0000
State 2: energy =    -7.894031, S^2 = 1.0000, N = 0.0000
State 3: energy =    -7.862633, S^2 = 3.0000, N = 0.0000
State 4: energy =    -7.862633, S^2 = 3.0000, N = 0.0000
State 5: energy =    -7.857043, S^2 = 1.0000, N = 0.0000
State 6: energy =    -7.857043, S^2 = 1.0000, N = 0.0000
State 7: energy =    -7.810951, S^2 = 3.0000, N = 0.0000
     4.400000,    -7.977189,     0.000000,    -7.894031,     0.000000,    -7.857043,     0.000000,    -7.857043,     0.000000,    -7.917822,     0.000000,    -7.862633,     0.000000,    -7.862633,     0.000000,    -7.810951,     0.000000
State 0: energy =    -7.974749, S^2 = 1.0000, N = 0.0000
State 1: energy =    -7.918571, S^2 = 3.0000, N = 0.0000
State 2: energy =    -7.894129, S^2 = 1.0000, N = 0.0000
State 3: energy =    -7.862524, S^2 = 3.0000, N = 0.0000
State 4: energy =    -7.862524, S^2 = 3.0000, N = 0.0000
State 5: energy =    -7.857300, S^2 = 1.0000, N = 0.0000
State 6: energy =    -7.857300, S^2 = 1.0000, N = 0.0000
State 7: energy =    -7.813754, S^2 = 3.0000, N = 0.0000
     4.500000,    -7.974749,     0.000000,    -7.894129,     0.000000,    -7.857300,     0.000000,    -7.857300,     0.000000,    -7.918571,     0.000000,    -7.862524,     0.000000,    -7.862524,     0.000000,    -7.813754,     0.000000
State 0: energy =    -7.972321, S^2 = 1.0000, N = 0.0000
State 1: energy =    -7.919276, S^2 = 3.0000, N = 0.0000
State 2: energy =    -7.894161, S^2 = 1.0000, N = 0.0000
State 3: energy =    -7.862388, S^2 = 3.0000, N = 0.0000
State 4: energy =    -7.862388, S^2 = 3.0000, N = 0.0000
State 5: energy =    -7.857514, S^2 = 1.0000, N = 0.0000
State 6: energy =    -7.857514, S^2 = 1.0000, N = 0.0000
State 7: energy =    -7.816488, S^2 = 3.0000, N = 0.0000
     4.600000,    -7.972321,     0.000000,    -7.894161,     0.000000,    -7.857514,     0.000000,    -7.857514,     0.000000,    -7.919276,     0.000000,    -7.862388,     0.000000,    -7.862388,     0.000000,    -7.816488,     0.000000
State 0: energy =    -7.969917, S^2 = 1.0000, N = 0.0000
State 1: energy =    -7.919941, S^2 = 3.0000, N = 0.0000
State 2: energy =    -7.894131, S^2 = 1.0000, N = 0.0000
State 3: energy =    -7.862231, S^2 = 3.0000, N = 0.0000
State 4: energy =    -7.862231, S^2 = 3.0000, N = 0.0000
State 5: energy =    -7.857692, S^2 = 1.0000, N = 0.0000
State 6: energy =    -7.857692, S^2 = 1.0000, N = 0.0000
State 7: energy =    -7.819125, S^2 = 3.0000, N = 0.0000
     4.700000,    -7.969917,     0.000000,    -7.894131,     0.000000,    -7.857692,     0.000000,    -7.857692,     0.000000,    -7.919941,     0.000000,    -7.862231,     0.000000,    -7.862231,     0.000000,    -7.819125,     0.000000
State 0: energy =    -7.967550, S^2 = 1.0000, N = 0.0000
State 1: energy =    -7.920570, S^2 = 3.0000, N = 0.0000
State 2: energy =    -7.894044, S^2 = 1.0000, N = 0.0000
State 3: energy =    -7.862061, S^2 = 3.0000, N = 0.0000
State 4: energy =    -7.862061, S^2 = 3.0000, N = 0.0000
State 5: energy =    -7.857842, S^2 = 1.0000, N = 0.0000
State 6: energy =    -7.857842, S^2 = 1.0000, N = 0.0000
State 7: energy =    -7.821647, S^2 = 3.0000, N = 0.0000
     4.800000,    -7.967550,     0.000000,    -7.894044,     0.000000,    -7.857842,     0.000000,    -7.857842,     0.000000,    -7.920570,     0.000000,    -7.862061,     0.000000,    -7.862061,     0.000000,    -7.821647,     0.000000
State 0: energy =    -7.965231, S^2 = 1.0000, N = 0.0000
State 1: energy =    -7.921166, S^2 = 3.0000, N = 0.0000
State 2: energy =    -7.893903, S^2 = 1.0000, N = 0.0000
State 3: energy =    -7.861882, S^2 = 3.0000, N = 0.0000
State 4: energy =    -7.861882, S^2 = 3.0000, N = 0.0000
State 5: energy =    -7.857967, S^2 = 1.0000, N = 0.0000
State 6: energy =    -7.857967, S^2 = 1.0000, N = 0.0000
State 7: energy =    -7.824044, S^2 = 3.0000, N = 0.0000
     4.900000,    -7.965231,     0.000000,    -7.893903,     0.000000,    -7.857967,     0.000000,    -7.857967,     0.000000,    -7.921166,     0.000000,    -7.861882,     0.000000,    -7.861882,     0.000000,    -7.824044,     0.000000
State 0: energy =    -7.962968, S^2 = 1.0000, N = 0.0000
State 1: energy =    -7.921733, S^2 = 3.0000, N = 0.0000
State 2: energy =    -7.893709, S^2 = 1.0000, N = 0.0000
State 3: energy =    -7.861699, S^2 = 3.0000, N = 0.0000
State 4: energy =    -7.861699, S^2 = 3.0000, N = 0.0000
State 5: energy =    -7.858072, S^2 = 1.0000, N = 0.0000
State 6: energy =    -7.858072, S^2 = 1.0000, N = 0.0000
State 7: energy =    -7.826310, S^2 = 3.0000, N = 0.0000
     5.000000,    -7.962968,     0.000000,    -7.893709,     0.000000,    -7.858072,     0.000000,    -7.858072,     0.000000,    -7.921733,     0.000000,    -7.861699,     0.000000,    -7.861699,     0.000000,    -7.826310,     0.000000
State   0: energy =    -7.951172, S^2 = 1.0000, N = 0.0008
0 0
State   1: energy =    -7.851208, S^2 = 1.0000, N = 1.0003
1 0
State   2: energy =    -7.833682, S^2 = 3.0000, N = 0.0025
2 0
State   3: energy =    -7.818320, S^2 = 1.0000, N = 0.0027
2 1
State   4: energy =    -7.793354, S^2 = 3.0000, N = 0.0023
3 1
State   5: energy =    -7.793297, S^2 = 3.0000, N = 0.0014
3 2
State   6: energy =    -7.777731, S^2 = 1.0000, N = 0.0023
3 3
State   7: energy =    -7.777711, S^2 = 1.0000, N = 0.0014
4 3
State   8: energy =    -7.751243, S^2 = 1.0000, N = 1.9998
4 3
State   9: energy =    -7.733783, S^2 = 3.0000, N = 0.9819
4 3
     2.200000,    -7.951172,     0.000751,    -7.851208,     1.000293,    -7.818320,     0.002746,    -7.777731,     0.002254,    -7.833682,     0.002478,    -7.793354,     0.002305,    -7.793297,     0.001448,    -7.733783,     0.981935
State   0: energy =    -7.963416, S^2 = 1.0000, N = 0.0008
0 0
State   1: energy =    -7.863453, S^2 = 1.0000, N = 1.0004
1 0
State   2: energy =    -7.846389, S^2 = 3.0000, N = 0.0027
2 0
State   3: energy =    -7.830898, S^2 = 1.0000, N = 0.0029
2 1
State   4: energy =    -7.805890, S^2 = 3.0000, N = 0.0025
3 1
State   5: energy =    -7.805832, S^2 = 3.0000, N = 0.0016
3 2
State   6: energy =    -7.790762, S^2 = 1.0000, N = 0.0024
3 3
State   7: energy =    -7.790743, S^2 = 1.0000, N = 0.0016
4 3
State   8: energy =    -7.763489, S^2 = 1.0000, N = 1.9998
4 3
State   9: energy =    -7.746475, S^2 = 3.0000, N = 0.9864
4 3
     2.300000,    -7.963416,     0.000839,    -7.863453,     1.000352,    -7.830898,     0.002944,    -7.790762,     0.002390,    -7.846389,     0.002652,    -7.805890,     0.002455,    -7.805832,     0.001589,    -7.746475,     0.986366
State   0: energy =    -7.973182, S^2 = 1.0000, N = 0.0009
0 0
State   1: energy =    -7.873221, S^2 = 1.0000, N = 1.0004
1 0
State   2: energy =    -7.857083, S^2 = 3.0000, N = 0.0028
2 0
State   3: energy =    -7.841430, S^2 = 1.0000, N = 0.0032
2 1
State   4: energy =    -7.816335, S^2 = 3.0000, N = 0.0026
3 1
State   5: energy =    -7.816276, S^2 = 3.0000, N = 0.0017
3 2
State   6: energy =    -7.801687, S^2 = 1.0000, N = 0.0025
3 3
State   7: energy =    -7.801669, S^2 = 1.0000, N = 0.0017
4 3
State   8: energy =    -7.773258, S^2 = 1.0000, N = 1.9999
4 3
State   9: energy =    -7.757156, S^2 = 3.0000, N = 0.9900
4 3
     2.400000,    -7.973182,     0.000933,    -7.873221,     1.000405,    -7.841430,     0.003154,    -7.801687,     0.002536,    -7.857083,     0.002831,    -7.816335,     0.002612,    -7.816276,     0.001735,    -7.757156,     0.989984
State   0: energy =    -7.980879, S^2 = 1.0000, N = 0.0010
0 0
State   1: energy =    -7.880919, S^2 = 1.0000, N = 1.0004
1 0
State   2: energy =    -7.866108, S^2 = 3.0000, N = 0.0030
2 0
State   3: energy =    -7.850266, S^2 = 1.0000, N = 0.0034
2 1
State   4: energy =    -7.825038, S^2 = 3.0000, N = 0.0028
3 1
State   5: energy =    -7.824979, S^2 = 3.0000, N = 0.0019
3 2
State   6: energy =    -7.810860, S^2 = 1.0000, N = 0.0027
3 3
State   7: energy =    -7.810843, S^2 = 1.0000, N = 0.0019
4 3
State   8: energy =    -7.780959, S^2 = 1.0000, N = 1.9998
4 3
State   9: energy =    -7.766170, S^2 = 3.0000, N = 0.9928
4 3
     2.500000,    -7.980879,     0.001031,    -7.880919,     1.000448,    -7.850266,     0.003381,    -7.810860,     0.002693,    -7.866108,     0.003014,    -7.825038,     0.002777,    -7.824979,     0.001888,    -7.766170,     0.992796
State   0: energy =    -7.986843, S^2 = 1.0000, N = 0.0011
0 0
State   1: energy =    -7.886886, S^2 = 1.0000, N = 1.0005
1 0
State   2: energy =    -7.873746, S^2 = 3.0000, N = 0.0032
2 0
State   3: energy =    -7.857691, S^2 = 1.0000, N = 0.0036
2 1
State   4: energy =    -7.832284, S^2 = 3.0000, N = 0.0030
3 1
State   5: energy =    -7.832225, S^2 = 3.0000, N = 0.0020
3 2
State   6: energy =    -7.818572, S^2 = 1.0000, N = 0.0029
3 3
State   7: energy =    -7.818557, S^2 = 1.0000, N = 0.0020
4 3
State   8: energy =    -7.786927, S^2 = 1.0000, N = 1.9998
4 3
State   9: energy =    -7.773799, S^2 = 3.0000, N = 0.9949
4 3
     2.600000,    -7.986843,     0.001134,    -7.886886,     1.000479,    -7.857691,     0.003627,    -7.818572,     0.002861,    -7.873746,     0.003202,    -7.832284,     0.002951,    -7.832225,     0.002048,    -7.773799,     0.994937
State   0: energy =    -7.991353, S^2 = 1.0000, N = 0.0012
0 0
State   1: energy =    -7.891399, S^2 = 1.0000, N = 1.0005
1 0
State   2: energy =    -7.880230, S^2 = 3.0000, N = 0.0034
2 0
State   3: energy =    -7.863938, S^2 = 1.0000, N = 0.0039
2 1
State   4: energy =    -7.838310, S^2 = 3.0000, N = 0.0031
3 1
State   5: energy =    -7.838250, S^2 = 3.0000, N = 0.0022
3 2
State   6: energy =    -7.825063, S^2 = 1.0000, N = 0.0030
3 3
State   7: energy =    -7.825049, S^2 = 1.0000, N = 0.0022
4 3
State   8: energy =    -7.791443, S^2 = 1.0000, N = 1.9997
4 3
State   9: energy =    -7.780275, S^2 = 3.0000, N = 0.9966
4 3
     2.700000,    -7.991353,     0.001242,    -7.891399,     1.000491,    -7.863938,     0.003896,    -7.825063,     0.003040,    -7.880230,     0.003394,    -7.838310,     0.003133,    -7.838250,     0.002213,    -7.780275,     0.996560
State   0: energy =    -7.994643, S^2 = 1.0000, N = 0.0014
0 0
State   1: energy =    -7.894692, S^2 = 1.0000, N = 1.0005
1 0
State   2: energy =    -7.885749, S^2 = 3.0000, N = 0.0036
2 0
State   3: energy =    -7.869199, S^2 = 1.0000, N = 0.0042
2 1
State   4: energy =    -7.843311, S^2 = 3.0000, N = 0.0033
3 1
State   5: energy =    -7.843249, S^2 = 3.0000, N = 0.0024
3 2
State   6: energy =    -7.830529, S^2 = 1.0000, N = 0.0032
3 3
State   7: energy =    -7.830517, S^2 = 1.0000, N = 0.0024
4 3
State   8: energy =    -7.794739, S^2 = 1.0000, N = 1.9996
4 3
State   9: energy =    -7.785788, S^2 = 3.0000, N = 0.9978
4 3
     2.800000,    -7.994643,     0.001355,    -7.894692,     1.000476,    -7.869199,     0.004197,    -7.830529,     0.003231,    -7.885749,     0.003590,    -7.843311,     0.003324,    -7.843249,     0.002384,    -7.785788,     0.997797
State   0: energy =    -7.996906, S^2 = 1.0000, N = 0.0015
0 0
State   1: energy =    -7.896959, S^2 = 1.0000, N = 1.0004
1 0
State   2: energy =    -7.890462, S^2 = 3.0000, N = 0.0038
2 0
State   3: energy =    -7.873632, S^2 = 1.0000, N = 0.0045
2 1
State   4: energy =    -7.847448, S^2 = 3.0000, N = 0.0035
3 1
State   5: energy =    -7.847385, S^2 = 3.0000, N = 0.0026
3 2
State   6: energy =    -7.835132, S^2 = 1.0000, N = 0.0034
3 3
State   7: energy =    -7.835122, S^2 = 1.0000, N = 0.0025
4 3
State   8: energy =    -7.797010, S^2 = 1.0000, N = 1.9993
4 3
State   9: energy =    -7.790496, S^2 = 3.0000, N = 0.9987
4 3
     2.900000,    -7.996906,     0.001473,    -7.896959,     1.000419,    -7.873632,     0.004544,    -7.835132,     0.003434,    -7.890462,     0.003790,    -7.847448,     0.003522,    -7.847385,     0.002561,    -7.790496,     0.998747
State   0: energy =    -7.998307, S^2 = 1.0000, N = 0.0016
0 0
State   1: energy =    -7.898365, S^2 = 1.0000, N = 1.0003
1 0
State   2: energy =    -7.894499, S^2 = 3.0000, N = 0.0040
2 0
State   3: energy =    -7.877367, S^2 = 1.0000, N = 0.0050
2 1
State   4: energy =    -7.850857, S^2 = 3.0000, N = 0.0037
3 1
State   5: energy =    -7.850794, S^2 = 3.0000, N = 0.0027
3 2
State   6: energy =    -7.839010, S^2 = 1.0000, N = 0.0037
3 3
State   7: energy =    -7.839002, S^2 = 1.0000, N = 0.0027
4 3
State   8: energy =    -7.798420, S^2 = 1.0000, N = 1.9990
4 3
State   9: energy =    -7.794529, S^2 = 3.0000, N = 0.9995
4 3
     3.000000,    -7.998307,     0.001596,    -7.898365,     1.000295,    -7.877367,     0.004960,    -7.839010,     0.003651,    -7.894499,     0.003993,    -7.850857,     0.003730,    -7.850794,     0.002744,    -7.794529,     0.999482
State   0: energy =    -7.998983, S^2 = 1.0000, N = 0.0017
0 0
State   1: energy =    -7.899046, S^2 = 1.0000, N = 1.0001
1 0
State   2: energy =    -7.897969, S^2 = 3.0000, N = 0.0042
2 0
State   3: energy =    -7.880512, S^2 = 1.0000, N = 0.0055
2 1
State   4: energy =    -7.853652, S^2 = 3.0000, N = 0.0039
3 1
State   5: energy =    -7.853588, S^2 = 3.0000, N = 0.0029
3 2
State   6: energy =    -7.842274, S^2 = 1.0000, N = 0.0039
3 3
State   7: energy =    -7.842269, S^2 = 1.0000, N = 0.0029
4 3
State   8: energy =    -7.799107, S^2 = 1.0000, N = 1.9984
4 3
State   9: energy =    -7.797997, S^2 = 3.0000, N = 1.0001
4 3
     3.100000,    -7.998983,     0.001725,    -7.899046,     1.000060,    -7.880512,     0.005488,    -7.842274,     0.003883,    -7.897969,     0.004201,    -7.853652,     0.003945,    -7.853588,     0.002933,    -7.797997,     1.000052
State   0: energy =    -7.999050, S^2 = 1.0000, N = 0.0019
0 0
State   1: energy =    -7.900963, S^2 = 3.0000, N = 0.0044
1 0
State   2: energy =    -7.899121, S^2 = 1.0000, N = 0.9996
1 1
State   3: energy =    -7.883158, S^2 = 1.0000, N = 0.0062
2 1
State   4: energy =    -7.855929, S^2 = 3.0000, N = 0.0042
3 1
State   5: energy =    -7.855864, S^2 = 3.0000, N = 0.0031
3 2
State   6: energy =    -7.845021, S^2 = 1.0000, N = 0.0041
3 3
State   7: energy =    -7.845018, S^2 = 1.0000, N = 0.0031
4 3
State   8: energy =    -7.800989, S^2 = 3.0000, N = 1.0005
4 3
     3.200000,    -7.999050,     0.001859,    -7.899121,     0.999627,    -7.883158,     0.006213,    -7.845021,     0.004132,    -7.900963,     0.004411,    -7.855929,     0.004170,    -7.855864,     0.003128,    -7.800989,     1.000491
State   0: energy =    -7.998609, S^2 = 1.0000, N = 0.0020
0 0
State   1: energy =    -7.903559, S^2 = 3.0000, N = 0.0046
1 0
State   2: energy =    -7.898691, S^2 = 1.0000, N = 0.9988
1 1
State   3: energy =    -7.885380, S^2 = 1.0000, N = 0.0073
2 1
State   4: energy =    -7.857769, S^2 = 3.0000, N = 0.0044
3 1
State   5: energy =    -7.857703, S^2 = 3.0000, N = 0.0033
3 2
State   6: energy =    -7.847330, S^2 = 1.0000, N = 0.0044
3 3
State   7: energy =    -7.847330, S^2 = 1.0000, N = 0.0033
4 3
State   8: energy =    -7.803584, S^2 = 3.0000, N = 1.0008
4 3
     3.300000,    -7.998609,     0.001998,    -7.898691,     0.998808,    -7.885380,     0.007320,    -7.847330,     0.004399,    -7.903559,     0.004624,    -7.857769,     0.004402,    -7.857703,     0.003328,    -7.803584,     1.000819
State   0: energy =    -7.997744, S^2 = 1.0000, N = 0.0021
0 0
State   1: energy =    -7.905820, S^2 = 3.0000, N = 0.0048
1 0
State   2: energy =    -7.897840, S^2 = 1.0000, N = 0.9971
1 1
State   3: energy =    -7.887239, S^2 = 1.0000, N = 0.0093
2 1
State   4: energy =    -7.859242, S^2 = 3.0000, N = 0.0046
3 1
State   5: energy =    -7.859175, S^2 = 3.0000, N = 0.0035
3 2
State   6: energy =    -7.849273, S^2 = 1.0000, N = 0.0035
3 3
State   7: energy =    -7.849270, S^2 = 1.0000, N = 0.0047
4 3
State   8: energy =    -7.805844, S^2 = 3.0000, N = 1.0010
4 3
     3.400000,    -7.997744,     0.002143,    -7.897840,     0.997132,    -7.887239,     0.009276,    -7.849273,     0.003505,    -7.905820,     0.004840,    -7.859242,     0.004644,    -7.859175,     0.003534,    -7.805844,     1.001047
State   0: energy =    -7.996527, S^2 = 1.0000, N = 0.0023
0 0
State   1: energy =    -7.907800, S^2 = 3.0000, N = 0.0051
1 0
State   2: energy =    -7.896646, S^2 = 1.0000, N = 0.9931
1 1
State   3: energy =    -7.888784, S^2 = 1.0000, N = 0.0135
2 1
State   4: energy =    -7.860407, S^2 = 3.0000, N = 0.0049
3 1
State   5: energy =    -7.860339, S^2 = 3.0000, N = 0.0037
3 2
State   6: energy =    -7.850904, S^2 = 1.0000, N = 0.0037
3 3
State   7: energy =    -7.850897, S^2 = 1.0000, N = 0.0050
4 3
State   8: energy =    -7.807825, S^2 = 3.0000, N = 1.0012
4 3
     3.500000,    -7.996527,     0.002294,    -7.896646,     0.993149,    -7.888784,     0.013527,    -7.850904,     0.003715,    -7.907800,     0.005059,    -7.860407,     0.004894,    -7.860339,     0.003745,    -7.807825,     1.001174
State   0: energy =    -7.995019, S^2 = 1.0000, N = 0.0025
0 0
State   1: energy =    -7.909545, S^2 = 3.0000, N = 0.0053
1 0
State   2: energy =    -7.895185, S^2 = 1.0000, N = 0.9805
1 1
State   3: energy =    -7.890048, S^2 = 1.0000, N = 0.0264
2 1
State   4: energy =    -7.861313, S^2 = 3.0000, N = 0.0052
3 1
State   5: energy =    -7.861244, S^2 = 3.0000, N = 0.0040
3 2
State   6: energy =    -7.852272, S^2 = 1.0000, N = 0.0039
3 3
State   7: energy =    -7.852261, S^2 = 1.0000, N = 0.0054
4 3
State   8: energy =    -7.809572, S^2 = 3.0000, N = 1.0012
4 3
     3.600000,    -7.995019,     0.002451,    -7.895185,     0.980543,    -7.890048,     0.026384,    -7.852272,     0.003931,    -7.909545,     0.005281,    -7.861313,     0.005153,    -7.861244,     0.003962,    -7.809572,     1.001190
State   0: energy =    -7.993275, S^2 = 1.0000, N = 0.0026
0 0
State   1: energy =    -7.911093, S^2 = 3.0000, N = 0.0055
1 0
State   2: energy =    -7.893584, S^2 = 1.0000, N = 0.9068
1 1
State   3: energy =    -7.890994, S^2 = 1.0000, N = 0.1004
2 1
State   4: energy =    -7.862005, S^2 = 3.0000, N = 0.0054
3 1
State   5: energy =    -7.861934, S^2 = 3.0000, N = 0.0042
3 2
State   6: energy =    -7.853419, S^2 = 1.0000, N = 0.0042
3 3
State   7: energy =    -7.853403, S^2 = 1.0000, N = 0.0057
4 3
State   8: energy =    -7.811123, S^2 = 3.0000, N = 1.0011
4 3
     3.700000,    -7.993275,     0.002615,    -7.893584,     0.906793,    -7.890994,     0.100360,    -7.853419,     0.004152,    -7.911093,     0.005505,    -7.862005,     0.005421,    -7.861934,     0.004184,    -7.811123,     1.001071
